<?xml version="1.0" encoding="UTF-8"?>
<testng-results ignored="0" total="1" passed="1" failed="0" skipped="0">
  <reporter-output>
  </reporter-output>
  <suite started-at="2019-04-05T16:46:14Z" name="Default suite" finished-at="2019-04-05T16:46:43Z" duration-ms="28829">
    <groups>
    </groups>
    <test started-at="2019-04-05T16:46:14Z" name="Default test" finished-at="2019-04-05T16:46:43Z" duration-ms="28829">
      <class name="selenium_Test.googleSearch_With_TestNG">
        <test-method is-config="true" signature="setUp()[pri:0, instance:selenium_Test.googleSearch_With_TestNG@57250572]" started-at="2019-04-05T16:46:14Z" name="setUp" finished-at="2019-04-05T16:46:30Z" duration-ms="15078" status="PASS">
          <reporter-output>
          </reporter-output>
        </test-method> <!-- setUp -->
        <test-method signature="google_Search()[pri:0, instance:selenium_Test.googleSearch_With_TestNG@57250572]" started-at="2019-04-05T16:46:30Z" name="google_Search" finished-at="2019-04-05T16:46:42Z" duration-ms="12718" status="PASS">
          <reporter-output>
          </reporter-output>
        </test-method> <!-- google_Search -->
        <test-method is-config="true" signature="tearDown()[pri:0, instance:selenium_Test.googleSearch_With_TestNG@57250572]" started-at="2019-04-05T16:46:42Z" name="tearDown" finished-at="2019-04-05T16:46:43Z" duration-ms="951" status="PASS">
          <reporter-output>
          </reporter-output>
        </test-method> <!-- tearDown -->
      </class> <!-- selenium_Test.googleSearch_With_TestNG -->
    </test> <!-- Default test -->
  </suite> <!-- Default suite -->
</testng-results>
